{"/Users/apple/Desktop/HealthBot/server/server.js": {"path":"/Users/apple/Desktop/HealthBot/server/server.js","statementMap":{"0":{"start":{"line":1,"column":0},"end":{"line":1,"column":27}},"1":{"start":{"line":2,"column":16},"end":{"line":2,"column":34}},"2":{"start":{"line":3,"column":13},"end":{"line":3,"column":28}},"3":{"start":{"line":4,"column":17},"end":{"line":4,"column":37}},"4":{"start":{"line":5,"column":13},"end":{"line":5,"column":28}},"5":{"start":{"line":6,"column":15},"end":{"line":6,"column":32}},"6":{"start":{"line":7,"column":18},"end":{"line":7,"column":40}},"7":{"start":{"line":10,"column":19},"end":{"line":10,"column":50}},"8":{"start":{"line":11,"column":19},"end":{"line":11,"column":50}},"9":{"start":{"line":12,"column":19},"end":{"line":12,"column":50}},"10":{"start":{"line":13,"column":21},"end":{"line":13,"column":54}},"11":{"start":{"line":14,"column":23},"end":{"line":14,"column":58}},"12":{"start":{"line":17,"column":28},"end":{"line":17,"column":68}},"13":{"start":{"line":18,"column":19},"end":{"line":18,"column":50}},"14":{"start":{"line":21,"column":12},"end":{"line":21,"column":21}},"15":{"start":{"line":22,"column":15},"end":{"line":22,"column":37}},"16":{"start":{"line":25,"column":11},"end":{"line":30,"column":2}},"17":{"start":{"line":33,"column":0},"end":{"line":33,"column":12}},"18":{"start":{"line":36,"column":0},"end":{"line":36,"column":18}},"19":{"start":{"line":37,"column":0},"end":{"line":37,"column":16}},"20":{"start":{"line":38,"column":0},"end":{"line":38,"column":24}},"21":{"start":{"line":41,"column":0},"end":{"line":47,"column":3}},"22":{"start":{"line":42,"column":2},"end":{"line":46,"column":5}},"23":{"start":{"line":50,"column":0},"end":{"line":50,"column":33}},"24":{"start":{"line":51,"column":0},"end":{"line":51,"column":33}},"25":{"start":{"line":52,"column":0},"end":{"line":52,"column":34}},"26":{"start":{"line":53,"column":0},"end":{"line":53,"column":37}},"27":{"start":{"line":54,"column":0},"end":{"line":54,"column":43}},"28":{"start":{"line":57,"column":0},"end":{"line":57,"column":15}},"29":{"start":{"line":60,"column":0},"end":{"line":60,"column":25}},"30":{"start":{"line":62,"column":13},"end":{"line":62,"column":37}},"31":{"start":{"line":66,"column":0},"end":{"line":71,"column":1}},"32":{"start":{"line":67,"column":2},"end":{"line":70,"column":5}},"33":{"start":{"line":68,"column":4},"end":{"line":68,"column":63}},"34":{"start":{"line":69,"column":4},"end":{"line":69,"column":76}},"35":{"start":{"line":74,"column":0},"end":{"line":74,"column":21}}},"fnMap":{"0":{"name":"(anonymous_0)","decl":{"start":{"line":41,"column":29},"end":{"line":41,"column":30}},"loc":{"start":{"line":41,"column":43},"end":{"line":47,"column":1}},"line":41},"1":{"name":"(anonymous_1)","decl":{"start":{"line":67,"column":22},"end":{"line":67,"column":23}},"loc":{"start":{"line":67,"column":28},"end":{"line":70,"column":3}},"line":67}},"branchMap":{"0":{"loc":{"start":{"line":27,"column":12},"end":{"line":27,"column":61}},"type":"binary-expr","locations":[{"start":{"line":27,"column":12},"end":{"line":27,"column":34}},{"start":{"line":27,"column":38},"end":{"line":27,"column":61}}],"line":27},"1":{"loc":{"start":{"line":62,"column":13},"end":{"line":62,"column":37}},"type":"binary-expr","locations":[{"start":{"line":62,"column":13},"end":{"line":62,"column":29}},{"start":{"line":62,"column":33},"end":{"line":62,"column":37}}],"line":62},"2":{"loc":{"start":{"line":66,"column":0},"end":{"line":71,"column":1}},"type":"if","locations":[{"start":{"line":66,"column":0},"end":{"line":71,"column":1}},{"start":{},"end":{}}],"line":66},"3":{"loc":{"start":{"line":69,"column":35},"end":{"line":69,"column":72}},"type":"binary-expr","locations":[{"start":{"line":69,"column":35},"end":{"line":69,"column":55}},{"start":{"line":69,"column":59},"end":{"line":69,"column":72}}],"line":69}},"s":{"0":2,"1":2,"2":2,"3":2,"4":2,"5":2,"6":2,"7":2,"8":2,"9":2,"10":2,"11":2,"12":2,"13":2,"14":2,"15":2,"16":2,"17":2,"18":2,"19":2,"20":2,"21":2,"22":1,"23":2,"24":2,"25":2,"26":2,"27":2,"28":2,"29":2,"30":2,"31":2,"32":0,"33":0,"34":0,"35":2},"f":{"0":1,"1":0},"b":{"0":[2,0],"1":[2,0],"2":[0,2],"3":[0,0]},"_coverageSchema":"1a1c01bbd47fc00a2c39e90264f33305004495a9","hash":"c88033717517a6361d695fa2e2ca286c19d2b53c"}
,"/Users/apple/Desktop/HealthBot/server/config/db.js": {"path":"/Users/apple/Desktop/HealthBot/server/config/db.js","statementMap":{"0":{"start":{"line":1,"column":17},"end":{"line":1,"column":36}},"1":{"start":{"line":3,"column":18},"end":{"line":11,"column":1}},"2":{"start":{"line":4,"column":2},"end":{"line":10,"column":3}},"3":{"start":{"line":5,"column":17},"end":{"line":5,"column":64}},"4":{"start":{"line":6,"column":4},"end":{"line":6,"column":64}},"5":{"start":{"line":8,"column":4},"end":{"line":8,"column":66}},"6":{"start":{"line":9,"column":4},"end":{"line":9,"column":20}},"7":{"start":{"line":13,"column":0},"end":{"line":13,"column":27}}},"fnMap":{"0":{"name":"(anonymous_0)","decl":{"start":{"line":3,"column":18},"end":{"line":3,"column":19}},"loc":{"start":{"line":3,"column":30},"end":{"line":11,"column":1}},"line":3}},"branchMap":{},"s":{"0":2,"1":2,"2":2,"3":2,"4":2,"5":0,"6":0,"7":2},"f":{"0":2},"b":{},"_coverageSchema":"1a1c01bbd47fc00a2c39e90264f33305004495a9","hash":"03de69f89770175d47353ff67c2392414237eb6b"}
,"/Users/apple/Desktop/HealthBot/server/controllers/auth.controller.js": {"path":"/Users/apple/Desktop/HealthBot/server/controllers/auth.controller.js","statementMap":{"0":{"start":{"line":1,"column":13},"end":{"line":1,"column":38}},"1":{"start":{"line":2,"column":15},"end":{"line":2,"column":34}},"2":{"start":{"line":3,"column":12},"end":{"line":3,"column":35}},"3":{"start":{"line":7,"column":0},"end":{"line":43,"column":2}},"4":{"start":{"line":8,"column":2},"end":{"line":42,"column":3}},"5":{"start":{"line":9,"column":38},"end":{"line":9,"column":46}},"6":{"start":{"line":12,"column":15},"end":{"line":12,"column":44}},"7":{"start":{"line":13,"column":4},"end":{"line":15,"column":5}},"8":{"start":{"line":14,"column":6},"end":{"line":14,"column":70}},"9":{"start":{"line":18,"column":17},"end":{"line":18,"column":41}},"10":{"start":{"line":19,"column":27},"end":{"line":19,"column":60}},"11":{"start":{"line":22,"column":4},"end":{"line":26,"column":7}},"12":{"start":{"line":28,"column":4},"end":{"line":28,"column":22}},"13":{"start":{"line":31,"column":18},"end":{"line":33,"column":6}},"14":{"start":{"line":35,"column":4},"end":{"line":38,"column":7}},"15":{"start":{"line":40,"column":4},"end":{"line":40,"column":31}},"16":{"start":{"line":41,"column":4},"end":{"line":41,"column":74}},"17":{"start":{"line":46,"column":0},"end":{"line":74,"column":2}},"18":{"start":{"line":47,"column":2},"end":{"line":73,"column":3}},"19":{"start":{"line":48,"column":32},"end":{"line":48,"column":40}},"20":{"start":{"line":51,"column":17},"end":{"line":51,"column":46}},"21":{"start":{"line":52,"column":4},"end":{"line":54,"column":5}},"22":{"start":{"line":53,"column":6},"end":{"line":53,"column":70}},"23":{"start":{"line":57,"column":20},"end":{"line":57,"column":65}},"24":{"start":{"line":58,"column":4},"end":{"line":60,"column":5}},"25":{"start":{"line":59,"column":6},"end":{"line":59,"column":70}},"26":{"start":{"line":63,"column":18},"end":{"line":65,"column":6}},"27":{"start":{"line":67,"column":4},"end":{"line":70,"column":7}},"28":{"start":{"line":72,"column":4},"end":{"line":72,"column":67}}},"fnMap":{"0":{"name":"(anonymous_0)","decl":{"start":{"line":7,"column":19},"end":{"line":7,"column":20}},"loc":{"start":{"line":7,"column":39},"end":{"line":43,"column":1}},"line":7},"1":{"name":"(anonymous_1)","decl":{"start":{"line":46,"column":16},"end":{"line":46,"column":17}},"loc":{"start":{"line":46,"column":36},"end":{"line":74,"column":1}},"line":46}},"branchMap":{"0":{"loc":{"start":{"line":13,"column":4},"end":{"line":15,"column":5}},"type":"if","locations":[{"start":{"line":13,"column":4},"end":{"line":15,"column":5}},{"start":{},"end":{}}],"line":13},"1":{"loc":{"start":{"line":32,"column":17},"end":{"line":32,"column":47}},"type":"binary-expr","locations":[{"start":{"line":32,"column":17},"end":{"line":32,"column":39}},{"start":{"line":32,"column":43},"end":{"line":32,"column":47}}],"line":32},"2":{"loc":{"start":{"line":52,"column":4},"end":{"line":54,"column":5}},"type":"if","locations":[{"start":{"line":52,"column":4},"end":{"line":54,"column":5}},{"start":{},"end":{}}],"line":52},"3":{"loc":{"start":{"line":58,"column":4},"end":{"line":60,"column":5}},"type":"if","locations":[{"start":{"line":58,"column":4},"end":{"line":60,"column":5}},{"start":{},"end":{}}],"line":58},"4":{"loc":{"start":{"line":64,"column":17},"end":{"line":64,"column":47}},"type":"binary-expr","locations":[{"start":{"line":64,"column":17},"end":{"line":64,"column":39}},{"start":{"line":64,"column":43},"end":{"line":64,"column":47}}],"line":64}},"s":{"0":2,"1":2,"2":2,"3":2,"4":1,"5":1,"6":1,"7":1,"8":0,"9":1,"10":1,"11":1,"12":1,"13":1,"14":1,"15":0,"16":0,"17":2,"18":0,"19":0,"20":0,"21":0,"22":0,"23":0,"24":0,"25":0,"26":0,"27":0,"28":0},"f":{"0":1,"1":0},"b":{"0":[0,1],"1":[1,0],"2":[0,0],"3":[0,0],"4":[0,0]},"_coverageSchema":"1a1c01bbd47fc00a2c39e90264f33305004495a9","hash":"90e4ebfa10a39356e0c8615046668ce8579918cb"}
,"/Users/apple/Desktop/HealthBot/server/middleware/auth.middleware.js": {"path":"/Users/apple/Desktop/HealthBot/server/middleware/auth.middleware.js","statementMap":{"0":{"start":{"line":1,"column":12},"end":{"line":1,"column":35}},"1":{"start":{"line":2,"column":13},"end":{"line":2,"column":38}},"2":{"start":{"line":4,"column":16},"end":{"line":41,"column":1}},"3":{"start":{"line":8,"column":2},"end":{"line":32,"column":3}},"4":{"start":{"line":12,"column":4},"end":{"line":31,"column":5}},"5":{"start":{"line":14,"column":6},"end":{"line":14,"column":54}},"6":{"start":{"line":17,"column":22},"end":{"line":17,"column":63}},"7":{"start":{"line":20,"column":6},"end":{"line":20,"column":69}},"8":{"start":{"line":23,"column":6},"end":{"line":23,"column":20}},"9":{"start":{"line":25,"column":6},"end":{"line":25,"column":49}},"10":{"start":{"line":27,"column":6},"end":{"line":30,"column":9}},"11":{"start":{"line":35,"column":2},"end":{"line":40,"column":3}},"12":{"start":{"line":36,"column":4},"end":{"line":39,"column":7}},"13":{"start":{"line":44,"column":0},"end":{"line":44,"column":29}}},"fnMap":{"0":{"name":"(anonymous_0)","decl":{"start":{"line":4,"column":16},"end":{"line":4,"column":17}},"loc":{"start":{"line":4,"column":42},"end":{"line":41,"column":1}},"line":4}},"branchMap":{"0":{"loc":{"start":{"line":8,"column":2},"end":{"line":32,"column":3}},"type":"if","locations":[{"start":{"line":8,"column":2},"end":{"line":32,"column":3}},{"start":{},"end":{}}],"line":8},"1":{"loc":{"start":{"line":9,"column":4},"end":{"line":10,"column":50}},"type":"binary-expr","locations":[{"start":{"line":9,"column":4},"end":{"line":9,"column":29}},{"start":{"line":10,"column":4},"end":{"line":10,"column":50}}],"line":9},"2":{"loc":{"start":{"line":35,"column":2},"end":{"line":40,"column":3}},"type":"if","locations":[{"start":{"line":35,"column":2},"end":{"line":40,"column":3}},{"start":{},"end":{}}],"line":35}},"s":{"0":2,"1":2,"2":2,"3":11,"4":8,"5":8,"6":8,"7":8,"8":8,"9":0,"10":0,"11":3,"12":3,"13":2},"f":{"0":11},"b":{"0":[8,3],"1":[11,8],"2":[3,0]},"_coverageSchema":"1a1c01bbd47fc00a2c39e90264f33305004495a9","hash":"12911d114a9c7d21ad6867b24f0676c35f69b83c"}
,"/Users/apple/Desktop/HealthBot/server/middleware/error.middleware.js": {"path":"/Users/apple/Desktop/HealthBot/server/middleware/error.middleware.js","statementMap":{"0":{"start":{"line":1,"column":24},"end":{"line":3,"column":1}},"1":{"start":{"line":2,"column":2},"end":{"line":2,"column":49}},"2":{"start":{"line":5,"column":0},"end":{"line":5,"column":37}}},"fnMap":{"0":{"name":"(anonymous_0)","decl":{"start":{"line":1,"column":24},"end":{"line":1,"column":25}},"loc":{"start":{"line":1,"column":49},"end":{"line":3,"column":1}},"line":1}},"branchMap":{},"s":{"0":2,"1":0,"2":2},"f":{"0":0},"b":{},"_coverageSchema":"1a1c01bbd47fc00a2c39e90264f33305004495a9","hash":"6ed8af6ef56b8f76cb873f3413d88f347d7736ca"}
,"/Users/apple/Desktop/HealthBot/server/models/Assessment.js": {"path":"/Users/apple/Desktop/HealthBot/server/models/Assessment.js","statementMap":{"0":{"start":{"line":1,"column":17},"end":{"line":1,"column":36}},"1":{"start":{"line":3,"column":25},"end":{"line":38,"column":1}},"2":{"start":{"line":41,"column":0},"end":{"line":41,"column":53}},"3":{"start":{"line":43,"column":0},"end":{"line":43,"column":64}}},"fnMap":{},"branchMap":{},"s":{"0":2,"1":2,"2":2,"3":2},"f":{},"b":{},"_coverageSchema":"1a1c01bbd47fc00a2c39e90264f33305004495a9","hash":"aec5bdf36cb1205c4bff4ed81a8a89a87021a37b"}
,"/Users/apple/Desktop/HealthBot/server/models/Conversation.js": {"path":"/Users/apple/Desktop/HealthBot/server/models/Conversation.js","statementMap":{"0":{"start":{"line":1,"column":17},"end":{"line":1,"column":36}},"1":{"start":{"line":3,"column":27},"end":{"line":21,"column":1}},"2":{"start":{"line":23,"column":0},"end":{"line":23,"column":68}}},"fnMap":{},"branchMap":{},"s":{"0":2,"1":2,"2":2},"f":{},"b":{},"_coverageSchema":"1a1c01bbd47fc00a2c39e90264f33305004495a9","hash":"9c3709364c5ec4c1afc034c29c8bff7aed035ad0"}
,"/Users/apple/Desktop/HealthBot/server/models/User.js": {"path":"/Users/apple/Desktop/HealthBot/server/models/User.js","statementMap":{"0":{"start":{"line":1,"column":17},"end":{"line":1,"column":36}},"1":{"start":{"line":2,"column":15},"end":{"line":2,"column":34}},"2":{"start":{"line":4,"column":19},"end":{"line":35,"column":1}},"3":{"start":{"line":38,"column":0},"end":{"line":47,"column":3}},"4":{"start":{"line":39,"column":2},"end":{"line":39,"column":43}},"5":{"start":{"line":39,"column":36},"end":{"line":39,"column":43}},"6":{"start":{"line":41,"column":2},"end":{"line":46,"column":3}},"7":{"start":{"line":42,"column":17},"end":{"line":42,"column":41}},"8":{"start":{"line":43,"column":4},"end":{"line":43,"column":59}},"9":{"start":{"line":45,"column":4},"end":{"line":45,"column":25}},"10":{"start":{"line":49,"column":0},"end":{"line":51,"column":2}},"11":{"start":{"line":50,"column":2},"end":{"line":50,"column":62}},"12":{"start":{"line":53,"column":0},"end":{"line":53,"column":52}}},"fnMap":{"0":{"name":"(anonymous_0)","decl":{"start":{"line":38,"column":23},"end":{"line":38,"column":24}},"loc":{"start":{"line":38,"column":40},"end":{"line":47,"column":1}},"line":38},"1":{"name":"(anonymous_1)","decl":{"start":{"line":49,"column":37},"end":{"line":49,"column":38}},"loc":{"start":{"line":49,"column":70},"end":{"line":51,"column":1}},"line":49}},"branchMap":{"0":{"loc":{"start":{"line":39,"column":2},"end":{"line":39,"column":43}},"type":"if","locations":[{"start":{"line":39,"column":2},"end":{"line":39,"column":43}},{"start":{},"end":{}}],"line":39}},"s":{"0":2,"1":2,"2":2,"3":2,"4":1,"5":0,"6":1,"7":1,"8":1,"9":0,"10":2,"11":0,"12":2},"f":{"0":1,"1":0},"b":{"0":[0,1]},"_coverageSchema":"1a1c01bbd47fc00a2c39e90264f33305004495a9","hash":"ae8c2ee9095ff8b722a6047c46c95bb101210ccd"}
,"/Users/apple/Desktop/HealthBot/server/routes/auth.routes.js": {"path":"/Users/apple/Desktop/HealthBot/server/routes/auth.routes.js","statementMap":{"0":{"start":{"line":1,"column":16},"end":{"line":1,"column":34}},"1":{"start":{"line":2,"column":15},"end":{"line":2,"column":31}},"2":{"start":{"line":3,"column":28},"end":{"line":3,"column":69}},"3":{"start":{"line":5,"column":0},"end":{"line":5,"column":35}},"4":{"start":{"line":6,"column":0},"end":{"line":6,"column":29}},"5":{"start":{"line":8,"column":0},"end":{"line":8,"column":24}}},"fnMap":{},"branchMap":{},"s":{"0":2,"1":2,"2":2,"3":2,"4":2,"5":2},"f":{},"b":{},"_coverageSchema":"1a1c01bbd47fc00a2c39e90264f33305004495a9","hash":"4cfcb215a5eba8f70c7871043be4724e84c79fda"}
,"/Users/apple/Desktop/HealthBot/server/routes/chat.routes.js": {"path":"/Users/apple/Desktop/HealthBot/server/routes/chat.routes.js","statementMap":{"0":{"start":{"line":1,"column":16},"end":{"line":1,"column":34}},"1":{"start":{"line":2,"column":15},"end":{"line":2,"column":31}},"2":{"start":{"line":3,"column":20},"end":{"line":3,"column":60}},"3":{"start":{"line":6,"column":22},"end":{"line":6,"column":24}},"4":{"start":{"line":9,"column":0},"end":{"line":16,"column":3}},"5":{"start":{"line":11,"column":2},"end":{"line":15,"column":5}},"6":{"start":{"line":19,"column":0},"end":{"line":34,"column":3}},"7":{"start":{"line":20,"column":33},"end":{"line":20,"column":41}},"8":{"start":{"line":23,"column":2},"end":{"line":27,"column":3}},"9":{"start":{"line":24,"column":4},"end":{"line":26,"column":64}},"10":{"start":{"line":29,"column":2},"end":{"line":33,"column":5}},"11":{"start":{"line":37,"column":0},"end":{"line":42,"column":3}},"12":{"start":{"line":38,"column":2},"end":{"line":41,"column":5}},"13":{"start":{"line":45,"column":0},"end":{"line":63,"column":3}},"14":{"start":{"line":46,"column":24},"end":{"line":46,"column":34}},"15":{"start":{"line":49,"column":2},"end":{"line":54,"column":3}},"16":{"start":{"line":53,"column":4},"end":{"line":53,"column":74}},"17":{"start":{"line":56,"column":2},"end":{"line":62,"column":5}},"18":{"start":{"line":66,"column":0},"end":{"line":76,"column":3}},"19":{"start":{"line":67,"column":24},"end":{"line":67,"column":34}},"20":{"start":{"line":70,"column":2},"end":{"line":70,"column":34}},"21":{"start":{"line":72,"column":2},"end":{"line":75,"column":5}},"22":{"start":{"line":78,"column":0},"end":{"line":78,"column":24}}},"fnMap":{"0":{"name":"(anonymous_0)","decl":{"start":{"line":9,"column":29},"end":{"line":9,"column":30}},"loc":{"start":{"line":9,"column":49},"end":{"line":16,"column":1}},"line":9},"1":{"name":"(anonymous_1)","decl":{"start":{"line":19,"column":33},"end":{"line":19,"column":34}},"loc":{"start":{"line":19,"column":53},"end":{"line":34,"column":1}},"line":19},"2":{"name":"(anonymous_2)","decl":{"start":{"line":37,"column":32},"end":{"line":37,"column":33}},"loc":{"start":{"line":37,"column":52},"end":{"line":42,"column":1}},"line":37},"3":{"name":"(anonymous_3)","decl":{"start":{"line":45,"column":48},"end":{"line":45,"column":49}},"loc":{"start":{"line":45,"column":68},"end":{"line":63,"column":1}},"line":45},"4":{"name":"(anonymous_4)","decl":{"start":{"line":66,"column":51},"end":{"line":66,"column":52}},"loc":{"start":{"line":66,"column":71},"end":{"line":76,"column":1}},"line":66}},"branchMap":{"0":{"loc":{"start":{"line":23,"column":2},"end":{"line":27,"column":3}},"type":"if","locations":[{"start":{"line":23,"column":2},"end":{"line":27,"column":3}},{"start":{},"end":{}}],"line":23},"1":{"loc":{"start":{"line":23,"column":6},"end":{"line":23,"column":39}},"type":"binary-expr","locations":[{"start":{"line":23,"column":6},"end":{"line":23,"column":14}},{"start":{"line":23,"column":18},"end":{"line":23,"column":39}}],"line":23},"2":{"loc":{"start":{"line":49,"column":2},"end":{"line":54,"column":3}},"type":"if","locations":[{"start":{"line":49,"column":2},"end":{"line":54,"column":3}},{"start":{},"end":{}}],"line":49},"3":{"loc":{"start":{"line":50,"column":4},"end":{"line":51,"column":39}},"type":"binary-expr","locations":[{"start":{"line":50,"column":4},"end":{"line":50,"column":43}},{"start":{"line":51,"column":4},"end":{"line":51,"column":39}}],"line":50}},"s":{"0":2,"1":2,"2":2,"3":2,"4":2,"5":1,"6":2,"7":2,"8":2,"9":1,"10":1,"11":2,"12":1,"13":2,"14":3,"15":3,"16":2,"17":1,"18":2,"19":1,"20":1,"21":1,"22":2},"f":{"0":1,"1":2,"2":1,"3":3,"4":1},"b":{"0":[1,1],"1":[2,1],"2":[2,1],"3":[3,2]},"_coverageSchema":"1a1c01bbd47fc00a2c39e90264f33305004495a9","hash":"81c2a88553e0f4703161b48f4b9710390c4c1319"}
,"/Users/apple/Desktop/HealthBot/server/routes/facility.routes.js": {"path":"/Users/apple/Desktop/HealthBot/server/routes/facility.routes.js","statementMap":{"0":{"start":{"line":4,"column":16},"end":{"line":4,"column":34}},"1":{"start":{"line":5,"column":14},"end":{"line":5,"column":30}},"2":{"start":{"line":6,"column":15},"end":{"line":6,"column":31}},"3":{"start":{"line":9,"column":26},"end":{"line":70,"column":1}},"4":{"start":{"line":73,"column":0},"end":{"line":126,"column":3}},"5":{"start":{"line":74,"column":57},"end":{"line":74,"column":66}},"6":{"start":{"line":75,"column":17},"end":{"line":75,"column":48}},"7":{"start":{"line":78,"column":2},"end":{"line":115,"column":3}},"8":{"start":{"line":79,"column":4},"end":{"line":114,"column":5}},"9":{"start":{"line":80,"column":24},"end":{"line":80,"column":69}},"10":{"start":{"line":82,"column":8},"end":{"line":82,"column":70}},"11":{"start":{"line":83,"column":23},"end":{"line":90,"column":8}},"12":{"start":{"line":92,"column":25},"end":{"line":103,"column":9}},"13":{"start":{"line":92,"column":79},"end":{"line":103,"column":7}},"14":{"start":{"line":105,"column":6},"end":{"line":110,"column":9}},"15":{"start":{"line":112,"column":6},"end":{"line":112,"column":61}},"16":{"start":{"line":118,"column":16},"end":{"line":118,"column":33}},"17":{"start":{"line":119,"column":2},"end":{"line":119,"column":61}},"18":{"start":{"line":119,"column":12},"end":{"line":119,"column":61}},"19":{"start":{"line":119,"column":44},"end":{"line":119,"column":59}},"20":{"start":{"line":120,"column":2},"end":{"line":125,"column":5}},"21":{"start":{"line":129,"column":0},"end":{"line":138,"column":3}},"22":{"start":{"line":130,"column":16},"end":{"line":130,"column":25}},"23":{"start":{"line":131,"column":2},"end":{"line":131,"column":76}},"24":{"start":{"line":131,"column":10},"end":{"line":131,"column":76}},"25":{"start":{"line":132,"column":18},"end":{"line":136,"column":3}},"26":{"start":{"line":134,"column":6},"end":{"line":135,"column":55}},"27":{"start":{"line":137,"column":2},"end":{"line":137,"column":74}},"28":{"start":{"line":142,"column":0},"end":{"line":155,"column":3}},"29":{"start":{"line":143,"column":16},"end":{"line":143,"column":25}},"30":{"start":{"line":146,"column":18},"end":{"line":148,"column":3}},"31":{"start":{"line":147,"column":4},"end":{"line":147,"column":57}},"32":{"start":{"line":150,"column":2},"end":{"line":154,"column":5}},"33":{"start":{"line":158,"column":0},"end":{"line":168,"column":3}},"34":{"start":{"line":159,"column":19},"end":{"line":161,"column":3}},"35":{"start":{"line":160,"column":11},"end":{"line":160,"column":43}},"36":{"start":{"line":162,"column":2},"end":{"line":166,"column":3}},"37":{"start":{"line":163,"column":4},"end":{"line":165,"column":63}},"38":{"start":{"line":167,"column":2},"end":{"line":167,"column":46}},"39":{"start":{"line":171,"column":0},"end":{"line":171,"column":24}}},"fnMap":{"0":{"name":"(anonymous_0)","decl":{"start":{"line":73,"column":22},"end":{"line":73,"column":23}},"loc":{"start":{"line":73,"column":42},"end":{"line":126,"column":1}},"line":73},"1":{"name":"(anonymous_1)","decl":{"start":{"line":92,"column":64},"end":{"line":92,"column":65}},"loc":{"start":{"line":92,"column":79},"end":{"line":103,"column":7}},"line":92},"2":{"name":"(anonymous_2)","decl":{"start":{"line":119,"column":37},"end":{"line":119,"column":38}},"loc":{"start":{"line":119,"column":44},"end":{"line":119,"column":59}},"line":119},"3":{"name":"(anonymous_3)","decl":{"start":{"line":129,"column":22},"end":{"line":129,"column":23}},"loc":{"start":{"line":129,"column":42},"end":{"line":138,"column":1}},"line":129},"4":{"name":"(anonymous_4)","decl":{"start":{"line":133,"column":4},"end":{"line":133,"column":5}},"loc":{"start":{"line":134,"column":6},"end":{"line":135,"column":55}},"line":134},"5":{"name":"(anonymous_5)","decl":{"start":{"line":142,"column":22},"end":{"line":142,"column":23}},"loc":{"start":{"line":142,"column":36},"end":{"line":155,"column":1}},"line":142},"6":{"name":"(anonymous_6)","decl":{"start":{"line":146,"column":43},"end":{"line":146,"column":44}},"loc":{"start":{"line":147,"column":4},"end":{"line":147,"column":57}},"line":147},"7":{"name":"(anonymous_7)","decl":{"start":{"line":158,"column":19},"end":{"line":158,"column":20}},"loc":{"start":{"line":158,"column":33},"end":{"line":168,"column":1}},"line":158},"8":{"name":"(anonymous_8)","decl":{"start":{"line":160,"column":4},"end":{"line":160,"column":5}},"loc":{"start":{"line":160,"column":11},"end":{"line":160,"column":43}},"line":160}},"branchMap":{"0":{"loc":{"start":{"line":74,"column":20},"end":{"line":74,"column":37}},"type":"default-arg","locations":[{"start":{"line":74,"column":27},"end":{"line":74,"column":37}}],"line":74},"1":{"loc":{"start":{"line":74,"column":39},"end":{"line":74,"column":52}},"type":"default-arg","locations":[{"start":{"line":74,"column":48},"end":{"line":74,"column":52}}],"line":74},"2":{"loc":{"start":{"line":78,"column":2},"end":{"line":115,"column":3}},"type":"if","locations":[{"start":{"line":78,"column":2},"end":{"line":115,"column":3}},{"start":{},"end":{}}],"line":78},"3":{"loc":{"start":{"line":78,"column":6},"end":{"line":78,"column":72}},"type":"binary-expr","locations":[{"start":{"line":78,"column":6},"end":{"line":78,"column":12}},{"start":{"line":78,"column":16},"end":{"line":78,"column":58}},{"start":{"line":78,"column":62},"end":{"line":78,"column":65}},{"start":{"line":78,"column":69},"end":{"line":78,"column":72}}],"line":78},"4":{"loc":{"start":{"line":80,"column":24},"end":{"line":80,"column":69}},"type":"cond-expr","locations":[{"start":{"line":80,"column":46},"end":{"line":80,"column":56}},{"start":{"line":80,"column":59},"end":{"line":80,"column":69}}],"line":80},"5":{"loc":{"start":{"line":99,"column":19},"end":{"line":99,"column":61}},"type":"binary-expr","locations":[{"start":{"line":99,"column":19},"end":{"line":99,"column":52}},{"start":{"line":99,"column":56},"end":{"line":99,"column":61}}],"line":99},"6":{"loc":{"start":{"line":119,"column":2},"end":{"line":119,"column":61}},"type":"if","locations":[{"start":{"line":119,"column":2},"end":{"line":119,"column":61}},{"start":{},"end":{}}],"line":119},"7":{"loc":{"start":{"line":131,"column":2},"end":{"line":131,"column":76}},"type":"if","locations":[{"start":{"line":131,"column":2},"end":{"line":131,"column":76}},{"start":{},"end":{}}],"line":131},"8":{"loc":{"start":{"line":134,"column":6},"end":{"line":135,"column":55}},"type":"binary-expr","locations":[{"start":{"line":134,"column":6},"end":{"line":134,"column":52}},{"start":{"line":135,"column":6},"end":{"line":135,"column":55}}],"line":134},"9":{"loc":{"start":{"line":147,"column":34},"end":{"line":147,"column":56}},"type":"binary-expr","locations":[{"start":{"line":147,"column":34},"end":{"line":147,"column":50}},{"start":{"line":147,"column":54},"end":{"line":147,"column":56}}],"line":147},"10":{"loc":{"start":{"line":162,"column":2},"end":{"line":166,"column":3}},"type":"if","locations":[{"start":{"line":162,"column":2},"end":{"line":166,"column":3}},{"start":{},"end":{}}],"line":162}},"s":{"0":2,"1":2,"2":2,"3":2,"4":2,"5":2,"6":2,"7":2,"8":0,"9":0,"10":0,"11":0,"12":0,"13":0,"14":0,"15":0,"16":2,"17":2,"18":2,"19":10,"20":2,"21":2,"22":2,"23":2,"24":0,"25":2,"26":10,"27":2,"28":2,"29":0,"30":0,"31":0,"32":0,"33":2,"34":0,"35":0,"36":0,"37":0,"38":0,"39":2},"f":{"0":2,"1":0,"2":10,"3":2,"4":10,"5":0,"6":0,"7":0,"8":0},"b":{"0":[1],"1":[2],"2":[0,2],"3":[2,2,2,0],"4":[0,0],"5":[0,0],"6":[2,0],"7":[0,2],"8":[10,9],"9":[0,0],"10":[0,0]},"_coverageSchema":"1a1c01bbd47fc00a2c39e90264f33305004495a9","hash":"6afbafae909f078be794ecfbb3745a3be515f937"}
,"/Users/apple/Desktop/HealthBot/server/routes/health.routes.js": {"path":"/Users/apple/Desktop/HealthBot/server/routes/health.routes.js","statementMap":{"0":{"start":{"line":1,"column":16},"end":{"line":1,"column":34}},"1":{"start":{"line":2,"column":15},"end":{"line":2,"column":31}},"2":{"start":{"line":5,"column":17},"end":{"line":39,"column":1}},"3":{"start":{"line":41,"column":18},"end":{"line":75,"column":1}},"4":{"start":{"line":78,"column":0},"end":{"line":80,"column":3}},"5":{"start":{"line":79,"column":2},"end":{"line":79,"column":74}},"6":{"start":{"line":83,"column":0},"end":{"line":88,"column":3}},"7":{"start":{"line":84,"column":18},"end":{"line":84,"column":72}},"8":{"start":{"line":84,"column":39},"end":{"line":84,"column":71}},"9":{"start":{"line":85,"column":2},"end":{"line":86,"column":74}},"10":{"start":{"line":86,"column":4},"end":{"line":86,"column":74}},"11":{"start":{"line":87,"column":2},"end":{"line":87,"column":39}},"12":{"start":{"line":91,"column":0},"end":{"line":93,"column":3}},"13":{"start":{"line":92,"column":2},"end":{"line":92,"column":78}},"14":{"start":{"line":96,"column":0},"end":{"line":103,"column":3}},"15":{"start":{"line":97,"column":15},"end":{"line":99,"column":3}},"16":{"start":{"line":98,"column":4},"end":{"line":98,"column":64}},"17":{"start":{"line":100,"column":2},"end":{"line":101,"column":74}},"18":{"start":{"line":101,"column":4},"end":{"line":101,"column":74}},"19":{"start":{"line":102,"column":2},"end":{"line":102,"column":47}},"20":{"start":{"line":105,"column":0},"end":{"line":107,"column":3}},"21":{"start":{"line":106,"column":2},"end":{"line":106,"column":50}},"22":{"start":{"line":110,"column":0},"end":{"line":110,"column":24}}},"fnMap":{"0":{"name":"(anonymous_0)","decl":{"start":{"line":78,"column":24},"end":{"line":78,"column":25}},"loc":{"start":{"line":78,"column":38},"end":{"line":80,"column":1}},"line":78},"1":{"name":"(anonymous_1)","decl":{"start":{"line":83,"column":28},"end":{"line":83,"column":29}},"loc":{"start":{"line":83,"column":42},"end":{"line":88,"column":1}},"line":83},"2":{"name":"(anonymous_2)","decl":{"start":{"line":84,"column":32},"end":{"line":84,"column":33}},"loc":{"start":{"line":84,"column":39},"end":{"line":84,"column":71}},"line":84},"3":{"name":"(anonymous_3)","decl":{"start":{"line":91,"column":24},"end":{"line":91,"column":25}},"loc":{"start":{"line":91,"column":38},"end":{"line":93,"column":1}},"line":91},"4":{"name":"(anonymous_4)","decl":{"start":{"line":96,"column":30},"end":{"line":96,"column":31}},"loc":{"start":{"line":96,"column":44},"end":{"line":103,"column":1}},"line":96},"5":{"name":"(anonymous_5)","decl":{"start":{"line":97,"column":30},"end":{"line":97,"column":31}},"loc":{"start":{"line":98,"column":4},"end":{"line":98,"column":64}},"line":98},"6":{"name":"(anonymous_6)","decl":{"start":{"line":105,"column":24},"end":{"line":105,"column":25}},"loc":{"start":{"line":105,"column":38},"end":{"line":107,"column":1}},"line":105}},"branchMap":{"0":{"loc":{"start":{"line":85,"column":2},"end":{"line":86,"column":74}},"type":"if","locations":[{"start":{"line":85,"column":2},"end":{"line":86,"column":74}},{"start":{},"end":{}}],"line":85},"1":{"loc":{"start":{"line":100,"column":2},"end":{"line":101,"column":74}},"type":"if","locations":[{"start":{"line":100,"column":2},"end":{"line":101,"column":74}},{"start":{},"end":{}}],"line":100}},"s":{"0":2,"1":2,"2":2,"3":2,"4":2,"5":2,"6":2,"7":2,"8":4,"9":2,"10":1,"11":1,"12":2,"13":2,"14":2,"15":0,"16":0,"17":0,"18":0,"19":0,"20":2,"21":0,"22":2},"f":{"0":2,"1":2,"2":4,"3":2,"4":0,"5":0,"6":0},"b":{"0":[1,1],"1":[0,0]},"_coverageSchema":"1a1c01bbd47fc00a2c39e90264f33305004495a9","hash":"e81a825447b82d4bc2fb70044725f423b1116f5f"}
,"/Users/apple/Desktop/HealthBot/server/routes/user.routes.js": {"path":"/Users/apple/Desktop/HealthBot/server/routes/user.routes.js","statementMap":{"0":{"start":{"line":1,"column":16},"end":{"line":1,"column":34}},"1":{"start":{"line":2,"column":15},"end":{"line":2,"column":31}},"2":{"start":{"line":3,"column":20},"end":{"line":3,"column":60}},"3":{"start":{"line":6,"column":0},"end":{"line":12,"column":3}},"4":{"start":{"line":7,"column":2},"end":{"line":11,"column":3}},"5":{"start":{"line":8,"column":4},"end":{"line":8,"column":60}},"6":{"start":{"line":10,"column":4},"end":{"line":10,"column":67}},"7":{"start":{"line":15,"column":0},"end":{"line":38,"column":3}},"8":{"start":{"line":16,"column":2},"end":{"line":37,"column":3}},"9":{"start":{"line":17,"column":17},"end":{"line":17,"column":42}},"10":{"start":{"line":18,"column":20},"end":{"line":25,"column":5}},"11":{"start":{"line":26,"column":20},"end":{"line":26,"column":22}},"12":{"start":{"line":27,"column":4},"end":{"line":29,"column":7}},"13":{"start":{"line":28,"column":6},"end":{"line":28,"column":74}},"14":{"start":{"line":28,"column":41},"end":{"line":28,"column":74}},"15":{"start":{"line":30,"column":17},"end":{"line":33,"column":6}},"16":{"start":{"line":34,"column":4},"end":{"line":34,"column":50}},"17":{"start":{"line":36,"column":4},"end":{"line":36,"column":67}},"18":{"start":{"line":41,"column":0},"end":{"line":49,"column":3}},"19":{"start":{"line":42,"column":2},"end":{"line":48,"column":3}},"20":{"start":{"line":43,"column":17},"end":{"line":43,"column":42}},"21":{"start":{"line":44,"column":4},"end":{"line":44,"column":47}},"22":{"start":{"line":45,"column":4},"end":{"line":45,"column":72}},"23":{"start":{"line":47,"column":4},"end":{"line":47,"column":67}},"24":{"start":{"line":51,"column":0},"end":{"line":51,"column":24}}},"fnMap":{"0":{"name":"(anonymous_0)","decl":{"start":{"line":6,"column":32},"end":{"line":6,"column":33}},"loc":{"start":{"line":6,"column":52},"end":{"line":12,"column":1}},"line":6},"1":{"name":"(anonymous_1)","decl":{"start":{"line":15,"column":32},"end":{"line":15,"column":33}},"loc":{"start":{"line":15,"column":52},"end":{"line":38,"column":1}},"line":15},"2":{"name":"(anonymous_2)","decl":{"start":{"line":27,"column":20},"end":{"line":27,"column":21}},"loc":{"start":{"line":27,"column":31},"end":{"line":29,"column":5}},"line":27},"3":{"name":"(anonymous_3)","decl":{"start":{"line":41,"column":35},"end":{"line":41,"column":36}},"loc":{"start":{"line":41,"column":55},"end":{"line":49,"column":1}},"line":41}},"branchMap":{"0":{"loc":{"start":{"line":28,"column":6},"end":{"line":28,"column":74}},"type":"if","locations":[{"start":{"line":28,"column":6},"end":{"line":28,"column":74}},{"start":{},"end":{}}],"line":28}},"s":{"0":2,"1":2,"2":2,"3":2,"4":0,"5":0,"6":0,"7":2,"8":0,"9":0,"10":0,"11":0,"12":0,"13":0,"14":0,"15":0,"16":0,"17":0,"18":2,"19":0,"20":0,"21":0,"22":0,"23":0,"24":2},"f":{"0":0,"1":0,"2":0,"3":0},"b":{"0":[0,0]},"_coverageSchema":"1a1c01bbd47fc00a2c39e90264f33305004495a9","hash":"e31f1d7233a634d24470f49c465344108effefd4"}
,"/Users/apple/Desktop/HealthBot/server/socket/chat.socket.js": {"path":"/Users/apple/Desktop/HealthBot/server/socket/chat.socket.js","statementMap":{"0":{"start":{"line":5,"column":14},"end":{"line":5,"column":30}},"1":{"start":{"line":6,"column":12},"end":{"line":6,"column":35}},"2":{"start":{"line":7,"column":23},"end":{"line":7,"column":38}},"3":{"start":{"line":8,"column":21},"end":{"line":8,"column":54}},"4":{"start":{"line":9,"column":19},"end":{"line":9,"column":50}},"5":{"start":{"line":10,"column":13},"end":{"line":10,"column":38}},"6":{"start":{"line":12,"column":0},"end":{"line":162,"column":2}},"7":{"start":{"line":15,"column":2},"end":{"line":32,"column":5}},"8":{"start":{"line":16,"column":4},"end":{"line":31,"column":5}},"9":{"start":{"line":18,"column":8},"end":{"line":19,"column":61}},"10":{"start":{"line":21,"column":6},"end":{"line":21,"column":68}},"11":{"start":{"line":21,"column":18},"end":{"line":21,"column":68}},"12":{"start":{"line":23,"column":22},"end":{"line":23,"column":63}},"13":{"start":{"line":24,"column":19},"end":{"line":24,"column":50}},"14":{"start":{"line":25,"column":6},"end":{"line":25,"column":58}},"15":{"start":{"line":25,"column":17},"end":{"line":25,"column":58}},"16":{"start":{"line":27,"column":6},"end":{"line":27,"column":25}},"17":{"start":{"line":28,"column":6},"end":{"line":28,"column":13}},"18":{"start":{"line":30,"column":6},"end":{"line":30,"column":39}},"19":{"start":{"line":34,"column":2},"end":{"line":161,"column":5}},"20":{"start":{"line":35,"column":17},"end":{"line":35,"column":28}},"21":{"start":{"line":36,"column":4},"end":{"line":36,"column":65}},"22":{"start":{"line":40,"column":4},"end":{"line":44,"column":7}},"23":{"start":{"line":41,"column":6},"end":{"line":41,"column":29}},"24":{"start":{"line":42,"column":6},"end":{"line":42,"column":40}},"25":{"start":{"line":43,"column":6},"end":{"line":43,"column":62}},"26":{"start":{"line":48,"column":4},"end":{"line":128,"column":7}},"27":{"start":{"line":49,"column":37},"end":{"line":49,"column":41}},"28":{"start":{"line":51,"column":6},"end":{"line":51,"column":46}},"29":{"start":{"line":51,"column":39},"end":{"line":51,"column":46}},"30":{"start":{"line":53,"column":6},"end":{"line":127,"column":7}},"31":{"start":{"line":55,"column":27},"end":{"line":58,"column":10}},"32":{"start":{"line":60,"column":8},"end":{"line":66,"column":9}},"33":{"start":{"line":61,"column":10},"end":{"line":65,"column":13}},"34":{"start":{"line":68,"column":8},"end":{"line":72,"column":11}},"35":{"start":{"line":75,"column":8},"end":{"line":75,"column":52}},"36":{"start":{"line":78,"column":22},"end":{"line":78,"column":24}},"37":{"start":{"line":79,"column":25},"end":{"line":79,"column":29}},"38":{"start":{"line":81,"column":8},"end":{"line":91,"column":9}},"39":{"start":{"line":82,"column":24},"end":{"line":86,"column":11}},"40":{"start":{"line":87,"column":10},"end":{"line":87,"column":40}},"41":{"start":{"line":88,"column":10},"end":{"line":88,"column":53}},"42":{"start":{"line":90,"column":10},"end":{"line":90,"column":41}},"43":{"start":{"line":94,"column":8},"end":{"line":98,"column":11}},"44":{"start":{"line":100,"column":8},"end":{"line":107,"column":9}},"45":{"start":{"line":101,"column":10},"end":{"line":101,"column":47}},"46":{"start":{"line":102,"column":10},"end":{"line":106,"column":13}},"47":{"start":{"line":109,"column":8},"end":{"line":109,"column":34}},"48":{"start":{"line":112,"column":8},"end":{"line":112,"column":53}},"49":{"start":{"line":115,"column":8},"end":{"line":120,"column":11}},"50":{"start":{"line":122,"column":8},"end":{"line":122,"column":53}},"51":{"start":{"line":123,"column":8},"end":{"line":125,"column":11}},"52":{"start":{"line":126,"column":8},"end":{"line":126,"column":60}},"53":{"start":{"line":131,"column":4},"end":{"line":155,"column":7}},"54":{"start":{"line":132,"column":24},"end":{"line":132,"column":32}},"55":{"start":{"line":133,"column":20},"end":{"line":133,"column":55}},"56":{"start":{"line":134,"column":16},"end":{"line":134,"column":37}},"57":{"start":{"line":136,"column":8},"end":{"line":136,"column":76}},"58":{"start":{"line":137,"column":23},"end":{"line":137,"column":114}},"59":{"start":{"line":139,"column":6},"end":{"line":154,"column":7}},"60":{"start":{"line":140,"column":21},"end":{"line":144,"column":10}},"61":{"start":{"line":146,"column":8},"end":{"line":146,"column":31}},"62":{"start":{"line":147,"column":8},"end":{"line":147,"column":42}},"63":{"start":{"line":149,"column":8},"end":{"line":149,"column":69}},"64":{"start":{"line":151,"column":8},"end":{"line":153,"column":11}},"65":{"start":{"line":158,"column":4},"end":{"line":160,"column":7}},"66":{"start":{"line":159,"column":6},"end":{"line":159,"column":67}},"67":{"start":{"line":165,"column":12},"end":{"line":165,"column":33}},"68":{"start":{"line":166,"column":2},"end":{"line":167,"column":73}},"69":{"start":{"line":167,"column":4},"end":{"line":167,"column":73}},"70":{"start":{"line":168,"column":2},"end":{"line":169,"column":111}},"71":{"start":{"line":169,"column":4},"end":{"line":169,"column":111}},"72":{"start":{"line":170,"column":2},"end":{"line":171,"column":98}},"73":{"start":{"line":171,"column":4},"end":{"line":171,"column":98}},"74":{"start":{"line":172,"column":2},"end":{"line":173,"column":92}},"75":{"start":{"line":173,"column":4},"end":{"line":173,"column":92}},"76":{"start":{"line":174,"column":2},"end":{"line":174,"column":104}}},"fnMap":{"0":{"name":"chatSocket","decl":{"start":{"line":12,"column":26},"end":{"line":12,"column":36}},"loc":{"start":{"line":12,"column":41},"end":{"line":162,"column":1}},"line":12},"1":{"name":"(anonymous_1)","decl":{"start":{"line":15,"column":9},"end":{"line":15,"column":10}},"loc":{"start":{"line":15,"column":33},"end":{"line":32,"column":3}},"line":15},"2":{"name":"(anonymous_2)","decl":{"start":{"line":34,"column":22},"end":{"line":34,"column":23}},"loc":{"start":{"line":34,"column":34},"end":{"line":161,"column":3}},"line":34},"3":{"name":"(anonymous_3)","decl":{"start":{"line":40,"column":27},"end":{"line":40,"column":28}},"loc":{"start":{"line":40,"column":42},"end":{"line":44,"column":5}},"line":40},"4":{"name":"(anonymous_4)","decl":{"start":{"line":48,"column":30},"end":{"line":48,"column":31}},"loc":{"start":{"line":48,"column":46},"end":{"line":128,"column":5}},"line":48},"5":{"name":"(anonymous_5)","decl":{"start":{"line":131,"column":36},"end":{"line":131,"column":37}},"loc":{"start":{"line":131,"column":48},"end":{"line":155,"column":5}},"line":131},"6":{"name":"(anonymous_6)","decl":{"start":{"line":158,"column":28},"end":{"line":158,"column":29}},"loc":{"start":{"line":158,"column":40},"end":{"line":160,"column":5}},"line":158},"7":{"name":"getFallback","decl":{"start":{"line":164,"column":9},"end":{"line":164,"column":20}},"loc":{"start":{"line":164,"column":30},"end":{"line":175,"column":1}},"line":164}},"branchMap":{"0":{"loc":{"start":{"line":18,"column":8},"end":{"line":19,"column":61}},"type":"binary-expr","locations":[{"start":{"line":18,"column":8},"end":{"line":18,"column":35}},{"start":{"line":19,"column":8},"end":{"line":19,"column":61}}],"line":18},"1":{"loc":{"start":{"line":21,"column":6},"end":{"line":21,"column":68}},"type":"if","locations":[{"start":{"line":21,"column":6},"end":{"line":21,"column":68}},{"start":{},"end":{}}],"line":21},"2":{"loc":{"start":{"line":25,"column":6},"end":{"line":25,"column":58}},"type":"if","locations":[{"start":{"line":25,"column":6},"end":{"line":25,"column":58}},{"start":{},"end":{}}],"line":25},"3":{"loc":{"start":{"line":51,"column":6},"end":{"line":51,"column":46}},"type":"if","locations":[{"start":{"line":51,"column":6},"end":{"line":51,"column":46}},{"start":{},"end":{}}],"line":51},"4":{"loc":{"start":{"line":51,"column":10},"end":{"line":51,"column":37}},"type":"binary-expr","locations":[{"start":{"line":51,"column":10},"end":{"line":51,"column":18}},{"start":{"line":51,"column":22},"end":{"line":51,"column":37}}],"line":51},"5":{"loc":{"start":{"line":60,"column":8},"end":{"line":66,"column":9}},"type":"if","locations":[{"start":{"line":60,"column":8},"end":{"line":66,"column":9}},{"start":{},"end":{}}],"line":60},"6":{"loc":{"start":{"line":63,"column":23},"end":{"line":63,"column":44}},"type":"binary-expr","locations":[{"start":{"line":63,"column":23},"end":{"line":63,"column":32}},{"start":{"line":63,"column":36},"end":{"line":63,"column":44}}],"line":63},"7":{"loc":{"start":{"line":88,"column":23},"end":{"line":88,"column":52}},"type":"binary-expr","locations":[{"start":{"line":88,"column":23},"end":{"line":88,"column":44}},{"start":{"line":88,"column":48},"end":{"line":88,"column":52}}],"line":88},"8":{"loc":{"start":{"line":100,"column":8},"end":{"line":107,"column":9}},"type":"if","locations":[{"start":{"line":100,"column":8},"end":{"line":107,"column":9}},{"start":{},"end":{}}],"line":100},"9":{"loc":{"start":{"line":133,"column":20},"end":{"line":133,"column":55}},"type":"binary-expr","locations":[{"start":{"line":133,"column":20},"end":{"line":133,"column":44}},{"start":{"line":133,"column":48},"end":{"line":133,"column":55}}],"line":133},"10":{"loc":{"start":{"line":136,"column":8},"end":{"line":136,"column":76}},"type":"cond-expr","locations":[{"start":{"line":136,"column":17},"end":{"line":136,"column":31}},{"start":{"line":136,"column":34},"end":{"line":136,"column":76}}],"line":136},"11":{"loc":{"start":{"line":136,"column":34},"end":{"line":136,"column":76}},"type":"cond-expr","locations":[{"start":{"line":136,"column":43},"end":{"line":136,"column":59}},{"start":{"line":136,"column":62},"end":{"line":136,"column":76}}],"line":136},"12":{"loc":{"start":{"line":166,"column":2},"end":{"line":167,"column":73}},"type":"if","locations":[{"start":{"line":166,"column":2},"end":{"line":167,"column":73}},{"start":{},"end":{}}],"line":166},"13":{"loc":{"start":{"line":166,"column":6},"end":{"line":166,"column":72}},"type":"binary-expr","locations":[{"start":{"line":166,"column":6},"end":{"line":166,"column":25}},{"start":{"line":166,"column":30},"end":{"line":166,"column":48}},{"start":{"line":166,"column":52},"end":{"line":166,"column":71}}],"line":166},"14":{"loc":{"start":{"line":168,"column":2},"end":{"line":169,"column":111}},"type":"if","locations":[{"start":{"line":168,"column":2},"end":{"line":169,"column":111}},{"start":{},"end":{}}],"line":168},"15":{"loc":{"start":{"line":170,"column":2},"end":{"line":171,"column":98}},"type":"if","locations":[{"start":{"line":170,"column":2},"end":{"line":171,"column":98}},{"start":{},"end":{}}],"line":170},"16":{"loc":{"start":{"line":172,"column":2},"end":{"line":173,"column":92}},"type":"if","locations":[{"start":{"line":172,"column":2},"end":{"line":173,"column":92}},{"start":{},"end":{}}],"line":172}},"s":{"0":2,"1":2,"2":2,"3":2,"4":2,"5":2,"6":2,"7":2,"8":0,"9":0,"10":0,"11":0,"12":0,"13":0,"14":0,"15":0,"16":0,"17":0,"18":0,"19":2,"20":0,"21":0,"22":0,"23":0,"24":0,"25":0,"26":0,"27":0,"28":0,"29":0,"30":0,"31":0,"32":0,"33":0,"34":0,"35":0,"36":0,"37":0,"38":0,"39":0,"40":0,"41":0,"42":0,"43":0,"44":0,"45":0,"46":0,"47":0,"48":0,"49":0,"50":0,"51":0,"52":0,"53":0,"54":0,"55":0,"56":0,"57":0,"58":0,"59":0,"60":0,"61":0,"62":0,"63":0,"64":0,"65":0,"66":0,"67":0,"68":0,"69":0,"70":0,"71":0,"72":0,"73":0,"74":0,"75":0,"76":0},"f":{"0":2,"1":0,"2":0,"3":0,"4":0,"5":0,"6":0,"7":0},"b":{"0":[0,0],"1":[0,0],"2":[0,0],"3":[0,0],"4":[0,0],"5":[0,0],"6":[0,0],"7":[0,0],"8":[0,0],"9":[0,0],"10":[0,0],"11":[0,0],"12":[0,0],"13":[0,0,0],"14":[0,0],"15":[0,0],"16":[0,0]},"_coverageSchema":"1a1c01bbd47fc00a2c39e90264f33305004495a9","hash":"2233754004eba07ee97f2fe70d1ac04baf508048"}
}
