TN:
SF:server.js
FN:41,(anonymous_0)
FN:67,(anonymous_1)
FNF:2
FNH:1
FNDA:1,(anonymous_0)
FNDA:0,(anonymous_1)
DA:1,2
DA:2,2
DA:3,2
DA:4,2
DA:5,2
DA:6,2
DA:7,2
DA:10,2
DA:11,2
DA:12,2
DA:13,2
DA:14,2
DA:17,2
DA:18,2
DA:21,2
DA:22,2
DA:25,2
DA:33,2
DA:36,2
DA:37,2
DA:38,2
DA:41,2
DA:42,1
DA:50,2
DA:51,2
DA:52,2
DA:53,2
DA:54,2
DA:57,2
DA:60,2
DA:62,2
DA:66,2
DA:67,0
DA:68,0
DA:69,0
DA:74,2
LF:36
LH:33
BRDA:27,0,0,2
BRDA:27,0,1,0
BRDA:62,1,0,2
BRDA:62,1,1,0
BRDA:66,2,0,0
BRDA:66,2,1,2
BRDA:69,3,0,0
BRDA:69,3,1,0
BRF:8
BRH:3
end_of_record
TN:
SF:config/db.js
FN:3,(anonymous_0)
FNF:1
FNH:1
FNDA:2,(anonymous_0)
DA:1,2
DA:3,2
DA:4,2
DA:5,2
DA:6,2
DA:8,0
DA:9,0
DA:13,2
LF:8
LH:6
BRF:0
BRH:0
end_of_record
TN:
SF:controllers/auth.controller.js
FN:7,(anonymous_0)
FN:46,(anonymous_1)
FNF:2
FNH:1
FNDA:1,(anonymous_0)
FNDA:0,(anonymous_1)
DA:1,2
DA:2,2
DA:3,2
DA:7,2
DA:8,1
DA:9,1
DA:12,1
DA:13,1
DA:14,0
DA:18,1
DA:19,1
DA:22,1
DA:28,1
DA:31,1
DA:35,1
DA:40,0
DA:41,0
DA:46,2
DA:47,0
DA:48,0
DA:51,0
DA:52,0
DA:53,0
DA:57,0
DA:58,0
DA:59,0
DA:63,0
DA:67,0
DA:72,0
LF:29
LH:15
BRDA:13,0,0,0
BRDA:13,0,1,1
BRDA:32,1,0,1
BRDA:32,1,1,0
BRDA:52,2,0,0
BRDA:52,2,1,0
BRDA:58,3,0,0
BRDA:58,3,1,0
BRDA:64,4,0,0
BRDA:64,4,1,0
BRF:10
BRH:2
end_of_record
TN:
SF:middleware/auth.middleware.js
FN:4,(anonymous_0)
FNF:1
FNH:1
FNDA:11,(anonymous_0)
DA:1,2
DA:2,2
DA:4,2
DA:8,11
DA:12,8
DA:14,8
DA:17,8
DA:20,8
DA:23,8
DA:25,0
DA:27,0
DA:35,3
DA:36,3
DA:44,2
LF:14
LH:12
BRDA:8,0,0,8
BRDA:8,0,1,3
BRDA:9,1,0,11
BRDA:9,1,1,8
BRDA:35,2,0,3
BRDA:35,2,1,0
BRF:6
BRH:5
end_of_record
TN:
SF:middleware/error.middleware.js
FN:1,(anonymous_0)
FNF:1
FNH:0
FNDA:0,(anonymous_0)
DA:1,2
DA:2,0
DA:5,2
LF:3
LH:2
BRF:0
BRH:0
end_of_record
TN:
SF:models/Assessment.js
FNF:0
FNH:0
DA:1,2
DA:3,2
DA:41,2
DA:43,2
LF:4
LH:4
BRF:0
BRH:0
end_of_record
TN:
SF:models/Conversation.js
FNF:0
FNH:0
DA:1,2
DA:3,2
DA:23,2
LF:3
LH:3
BRF:0
BRH:0
end_of_record
TN:
SF:models/User.js
FN:38,(anonymous_0)
FN:49,(anonymous_1)
FNF:2
FNH:1
FNDA:1,(anonymous_0)
FNDA:0,(anonymous_1)
DA:1,2
DA:2,2
DA:4,2
DA:38,2
DA:39,1
DA:41,1
DA:42,1
DA:43,1
DA:45,0
DA:49,2
DA:50,0
DA:53,2
LF:12
LH:10
BRDA:39,0,0,0
BRDA:39,0,1,1
BRF:2
BRH:1
end_of_record
TN:
SF:routes/auth.routes.js
FNF:0
FNH:0
DA:1,2
DA:2,2
DA:3,2
DA:5,2
DA:6,2
DA:8,2
LF:6
LH:6
BRF:0
BRH:0
end_of_record
TN:
SF:routes/chat.routes.js
FN:9,(anonymous_0)
FN:19,(anonymous_1)
FN:37,(anonymous_2)
FN:45,(anonymous_3)
FN:66,(anonymous_4)
FNF:5
FNH:5
FNDA:1,(anonymous_0)
FNDA:2,(anonymous_1)
FNDA:1,(anonymous_2)
FNDA:3,(anonymous_3)
FNDA:1,(anonymous_4)
DA:1,2
DA:2,2
DA:3,2
DA:6,2
DA:9,2
DA:11,1
DA:19,2
DA:20,2
DA:23,2
DA:24,1
DA:29,1
DA:37,2
DA:38,1
DA:45,2
DA:46,3
DA:49,3
DA:53,2
DA:56,1
DA:66,2
DA:67,1
DA:70,1
DA:72,1
DA:78,2
LF:23
LH:23
BRDA:23,0,0,1
BRDA:23,0,1,1
BRDA:23,1,0,2
BRDA:23,1,1,1
BRDA:49,2,0,2
BRDA:49,2,1,1
BRDA:50,3,0,3
BRDA:50,3,1,2
BRF:8
BRH:8
end_of_record
TN:
SF:routes/facility.routes.js
FN:73,(anonymous_0)
FN:92,(anonymous_1)
FN:119,(anonymous_2)
FN:129,(anonymous_3)
FN:133,(anonymous_4)
FN:142,(anonymous_5)
FN:146,(anonymous_6)
FN:158,(anonymous_7)
FN:160,(anonymous_8)
FNF:9
FNH:4
FNDA:2,(anonymous_0)
FNDA:0,(anonymous_1)
FNDA:10,(anonymous_2)
FNDA:2,(anonymous_3)
FNDA:10,(anonymous_4)
FNDA:0,(anonymous_5)
FNDA:0,(anonymous_6)
FNDA:0,(anonymous_7)
FNDA:0,(anonymous_8)
DA:4,2
DA:5,2
DA:6,2
DA:9,2
DA:73,2
DA:74,2
DA:75,2
DA:78,2
DA:79,0
DA:80,0
DA:82,0
DA:83,0
DA:92,0
DA:105,0
DA:112,0
DA:118,2
DA:119,10
DA:120,2
DA:129,2
DA:130,2
DA:131,2
DA:132,2
DA:134,10
DA:137,2
DA:142,2
DA:143,0
DA:146,0
DA:147,0
DA:150,0
DA:158,2
DA:159,0
DA:160,0
DA:162,0
DA:163,0
DA:167,0
DA:171,2
LF:36
LH:20
BRDA:74,0,0,1
BRDA:74,1,0,2
BRDA:78,2,0,0
BRDA:78,2,1,2
BRDA:78,3,0,2
BRDA:78,3,1,2
BRDA:78,3,2,2
BRDA:78,3,3,0
BRDA:80,4,0,0
BRDA:80,4,1,0
BRDA:99,5,0,0
BRDA:99,5,1,0
BRDA:119,6,0,2
BRDA:119,6,1,0
BRDA:131,7,0,0
BRDA:131,7,1,2
BRDA:134,8,0,10
BRDA:134,8,1,9
BRDA:147,9,0,0
BRDA:147,9,1,0
BRDA:162,10,0,0
BRDA:162,10,1,0
BRF:22
BRH:10
end_of_record
TN:
SF:routes/health.routes.js
FN:78,(anonymous_0)
FN:83,(anonymous_1)
FN:84,(anonymous_2)
FN:91,(anonymous_3)
FN:96,(anonymous_4)
FN:97,(anonymous_5)
FN:105,(anonymous_6)
FNF:7
FNH:4
FNDA:2,(anonymous_0)
FNDA:2,(anonymous_1)
FNDA:4,(anonymous_2)
FNDA:2,(anonymous_3)
FNDA:0,(anonymous_4)
FNDA:0,(anonymous_5)
FNDA:0,(anonymous_6)
DA:1,2
DA:2,2
DA:5,2
DA:41,2
DA:78,2
DA:79,2
DA:83,2
DA:84,4
DA:85,2
DA:86,1
DA:87,1
DA:91,2
DA:92,2
DA:96,2
DA:97,0
DA:98,0
DA:100,0
DA:101,0
DA:102,0
DA:105,2
DA:106,0
DA:110,2
LF:22
LH:16
BRDA:85,0,0,1
BRDA:85,0,1,1
BRDA:100,1,0,0
BRDA:100,1,1,0
BRF:4
BRH:2
end_of_record
TN:
SF:routes/user.routes.js
FN:6,(anonymous_0)
FN:15,(anonymous_1)
FN:27,(anonymous_2)
FN:41,(anonymous_3)
FNF:4
FNH:0
FNDA:0,(anonymous_0)
FNDA:0,(anonymous_1)
FNDA:0,(anonymous_2)
FNDA:0,(anonymous_3)
DA:1,2
DA:2,2
DA:3,2
DA:6,2
DA:7,0
DA:8,0
DA:10,0
DA:15,2
DA:16,0
DA:17,0
DA:18,0
DA:26,0
DA:27,0
DA:28,0
DA:30,0
DA:34,0
DA:36,0
DA:41,2
DA:42,0
DA:43,0
DA:44,0
DA:45,0
DA:47,0
DA:51,2
LF:24
LH:7
BRDA:28,0,0,0
BRDA:28,0,1,0
BRF:2
BRH:0
end_of_record
TN:
SF:socket/chat.socket.js
FN:12,chatSocket
FN:15,(anonymous_1)
FN:34,(anonymous_2)
FN:40,(anonymous_3)
FN:48,(anonymous_4)
FN:131,(anonymous_5)
FN:158,(anonymous_6)
FN:164,getFallback
FNF:8
FNH:1
FNDA:2,chatSocket
FNDA:0,(anonymous_1)
FNDA:0,(anonymous_2)
FNDA:0,(anonymous_3)
FNDA:0,(anonymous_4)
FNDA:0,(anonymous_5)
FNDA:0,(anonymous_6)
FNDA:0,getFallback
DA:5,2
DA:6,2
DA:7,2
DA:8,2
DA:9,2
DA:10,2
DA:12,2
DA:15,2
DA:16,0
DA:18,0
DA:21,0
DA:23,0
DA:24,0
DA:25,0
DA:27,0
DA:28,0
DA:30,0
DA:34,2
DA:35,0
DA:36,0
DA:40,0
DA:41,0
DA:42,0
DA:43,0
DA:48,0
DA:49,0
DA:51,0
DA:53,0
DA:55,0
DA:60,0
DA:61,0
DA:68,0
DA:75,0
DA:78,0
DA:79,0
DA:81,0
DA:82,0
DA:87,0
DA:88,0
DA:90,0
DA:94,0
DA:100,0
DA:101,0
DA:102,0
DA:109,0
DA:112,0
DA:115,0
DA:122,0
DA:123,0
DA:126,0
DA:131,0
DA:132,0
DA:133,0
DA:134,0
DA:136,0
DA:137,0
DA:139,0
DA:140,0
DA:146,0
DA:147,0
DA:149,0
DA:151,0
DA:158,0
DA:159,0
DA:165,0
DA:166,0
DA:167,0
DA:168,0
DA:169,0
DA:170,0
DA:171,0
DA:172,0
DA:173,0
DA:174,0
LF:74
LH:9
BRDA:18,0,0,0
BRDA:18,0,1,0
BRDA:21,1,0,0
BRDA:21,1,1,0
BRDA:25,2,0,0
BRDA:25,2,1,0
BRDA:51,3,0,0
BRDA:51,3,1,0
BRDA:51,4,0,0
BRDA:51,4,1,0
BRDA:60,5,0,0
BRDA:60,5,1,0
BRDA:63,6,0,0
BRDA:63,6,1,0
BRDA:88,7,0,0
BRDA:88,7,1,0
BRDA:100,8,0,0
BRDA:100,8,1,0
BRDA:133,9,0,0
BRDA:133,9,1,0
BRDA:136,10,0,0
BRDA:136,10,1,0
BRDA:136,11,0,0
BRDA:136,11,1,0
BRDA:166,12,0,0
BRDA:166,12,1,0
BRDA:166,13,0,0
BRDA:166,13,1,0
BRDA:166,13,2,0
BRDA:168,14,0,0
BRDA:168,14,1,0
BRDA:170,15,0,0
BRDA:170,15,1,0
BRDA:172,16,0,0
BRDA:172,16,1,0
BRF:35
BRH:0
end_of_record
